2803      848 (43) ^ 1579
      X . . . . . . . 
      . . X . . . . . 
      . . . . . . . . 
971   . X X X . . . .  224
(847) . . . . . X . .  (28)
      . . . . . . . X 
      . . . . . . . X 
      X X . . . . . . 
<- 1471  87 (936) v 1789 -> 0

2803     224 (28) ^ 0
     . . . . . X X . 
     . . . . . . . . 
     . . . . X . . . 
848  . . . . . . . .  87
(43) . . . X . . . .  (936)
     . X . X . . . . 
     . . . X . . . X 
     X . . . . . . X 
<- 1579  971 (847) v 1471 -> 1789

2803     87 (936) ^ 1789
     . . . . . . X X 
     X . . . . . . . 
     X . . . . . . . 
224  . . X . . . . .  971
(28) . . . . X X X .  (847)
     . . . . . . . . 
     . . . . . X . . 
     . . . . . . . X 
<- 0  848 (43) v 1579 -> 1471

2803      971 (847) ^ 1471
      X . . . . . . X 
      X . . . X . . . 
      . . . . X . X . 
87    . . . . X . . .  848
(936) . . . . . . . .  (43)
      . . . X . . . . 
      . . . . . . . . 
      . X X . . . . . 
<- 1789  224 (28) v 0 -> 1579

2803      848 (43) ^ 1579
      X . . . . . . . 
      . . X . . . . . 
      . . . . . . . . 
971   . X X X . . . .  224
(847) . . . . . X . .  (28)
      . . . . . . . X 
      . . . . . . . X 
      X X . . . . . . 
<- 1471  87 (936) v 1789 -> 0

topleft:
 2711      639 (1017) ^ 0
      . . X . . . . . 
      . . . . X . . X 
      . . . . . . . . 
235   . . . . X . . .  961
(860) . . . X . . . .  (527)
      X . . . . . . X 
      . . . . . . . . 
      . . . . . X . . 
<- 0  990 (495) v 2137 -> 3389

[ 0 , 1 ]:
 3389      618 (345) ^ 0
      . . X . . . X X 
      . . . . X . X . 
      . . . X . . X X 
527   . . . . X X . .  152
(961) X . . . . X . .  (100)
      X . X . . X X . 
      . . X . . . X X 
      . . X . . X X . 
<- 2711  385 (518) v 1657 -> 1109

[ 0 , 2 ]:
 1109      61 (752) ^ 0
      . . . X . X . . 
      X . . . . . . . 
      X . . . . . . . 
100   . X . . . . . .  830
(152) . X . . X X X X  (499)
      . . . . . . X . 
      . X . . . X . X 
      . X . . . . X . 
<- 3389  414 (486) v 1607 -> 3191

[ 0 , 3 ]:
 3191      748 (221) ^ 0
      . X . X . . X . 
      X . X . X . . . 
      . X . . X . . . 
499   . . . X . . . .  1
(830) . . X X . . . X  (512)
      . X . . . . X . 
      . X X . . . X X 
      . . . . . X X X 
<- 1109  898 (263) v 2957 -> 3631

[ 0 , 4 ]:
 3631    273 (546) ^ 0
    . . . . . . X X 
    . . . . . X . . 
    . . . X . . . . 
512 . . . X . X . X  783
(1) . . . . . . X X  (963)
    . . . . X X . . 
    . . . . X . . X 
    . X . . . . . X 
<- 3191  667 (869) v 2801 -> 1999

[ 0 , 5 ]:
 1999      812 (211) ^ 1373
      . . . X . . . X 
      . . . . . X X . 
      X . . X . . . . 
783   . . . . . . . .  455
(963) . . . . . X . .  (910)
      X . X . . . . . 
      . . X X . . . . 
      . . . . . . . . 
<- 3631  1001 (607) v 0 -> 1619

[ 0 , 6 ]:
 1619      424 (86) ^ 3671
      . . . . X X . X 
      . . . . X . X . 
      X . . X . . X X 
910   . . . . . X . .  91
(455) . . . X X X . .  (872)
      . . . . . . . . 
      . . . . X . . . 
      . . . . . . . . 
<- 1999  549 (657) v 0 -> 3137

[ 0 , 7 ]:
 3137     129 (516) ^ 3659
     X . . . . X . . 
     . . X . . X . . 
     X . X . . . X . 
872  . . X . X X . .  675
(91) . . . X X . . .  (789)
     X . . . X X . . 
     X . . . . X . . 
     . . X X X . . . 
<- 1619  939 (855) v 0 -> 1753

[ 0 , 8 ]:
 1753      890 (379) ^ 2161
      X . . . . . X . 
      X X . X . X . . 
      . . . . . X . . 
789   X . . . . X X .  468
(675) . . . X . . . .  (174)
      X . . . . . X X 
      . . . . X X . . 
      . . X . . . . X 
<- 3137  153 (612) v 0 -> 3691

[ 0 , 9 ]:
 3691      376 (122) ^ 2671
      . . . . . . X . 
      X . . . X . X X 
      . . . . . . . . 
174   X . . X . . . .  259
(468) . . . X . . . .  (770)
      . X . . . . X . 
      . . X . . . . X 
      . . . . X . X . 
<- 1753  782 (451) v 0 -> 3299

[ 0 , 10 ]:
 3299      926 (487) ^ 0
      X . . . . . . . 
      . . . . . . . . 
      . . . . X . . . 
259   . . . . . . . .  193
(770) . . . X . . . .  (524)
      X . . . . X . . 
      X . X . . X . . 
      . . X X . . X . 
<- 3691  840 (75) v 1297 -> 2417

[ 0 , 11 ]:
 2417      147 (804) ^ 0
      . . . . . . . . 
      . . . X . . . X 
      . . . . X . X X 
524   . . . . . . . .  932
(193) . . X X . . X X  (151)
      X X . X . . . . 
      . X X . . . X . 
      . . . X X . X X 
<- 3299  123 (888) v 2381 -> 0

matches for 990 : [2711 2137] / [2711 2137]
matches for 385 : [3389 1657] / [3389 1657]
matches for 414 : [1607 1109] / [1607 1109]
matches for 898 : [2957 3191] / [2957 3191]
matches for 667 : [3631 2801] / [3631 2801]
matches for 1001 : [1999] / [1999]
