topleft:
 1789      188 (244) ^ 0
      X X . . X X . . 
      X . . . X . X . 
      . . . . . X . . 
246   . . . . X X . X  87
(444) . . . . X . . .  (936)
      . X X . X . X . 
      . . . . X . . . 
      . . . . X . . . 
<- 0  574 (497) v 1801 -> 2803

[ 0 , 1 ]:
 2803      971 (847) ^ 1471
      . . . . . . . X 
      . . . . . X . . 
      . . . . . . . . 
87    . . . . X X X .  848
(936) . . X . . . . .  (43)
      X . . . . . . . 
      X . . . . . . . 
      . . . . . . X X 
<- 1789  224 (28) v 0 -> 1579

[ 0 , 2 ]:
 1579      762 (381) ^ 1733
      X . . . . . . . 
      . . . . . . X . 
      . . . X X X . . 
43    . . . . . . X .  310
(848) . . . . . . . X  (434)
      . . . X . . . . 
      . . . . X . . X 
      . . X X . . . X 
<- 2803  350 (490) v 0 -> 1231

[ 0 , 3 ]:
 1231      81 (552) ^ 2089
      . . . . X . . X 
      X . . . X . . . 
      . . . . . . . . 
434   . . . X X . . .  751
(310) . . X . . . . X  (989)
      . . X . . X X . 
      . X . X X . . . 
      . . X X . X X . 
<- 1579  766 (509) v 0 -> 3373

[ 0 , 4 ]:
 3373      697 (629) ^ 2477
      . X X . . . X . 
      . . . . X . . X 
      X . . . X . . X 
989   . . . . . X X .  833
(751) . . . . . . X .  (523)
      . . . . . . X . 
      . . . . X . . . 
      . . . . . . . X 
<- 1231  871 (923) v 0 -> 1543

[ 0 , 5 ]:
 1543      557 (721) ^ 3061
      X . X . . . . X 
      . X . . . . . . 
      . . X . . X . . 
523   . . X . . . . .  708
(833) X . . . . . . .  (141)
      . . . . X . . . 
      . X . . . . X . 
      X . X . . X X . 
<- 3373  485 (670) v 0 -> 3463

[ 0 , 6 ]:
 3463      609 (537) ^ 2207
      . . X . X . . . 
      . . . X . . X X 
      X . . X . . . X 
141   . . . . . X . X  945
(708) . . . . . . . .  (567)
      X . . . . . . . 
      . . . X . . . . 
      . . . . . . . . 
<- 1543  756 (189) v 0 -> 1901

[ 0 , 7 ]:
 1901      530 (289) ^ 3319
      . X . . . . . . 
      . X . . . . . . 
      . . . . . . . . 
567   . X . . X . . X  422
(945) . . . . . . X X  (406)
      . . . . . X . X 
      . . . X X X X . 
      . . . . . . . . 
<- 3463  417 (534) v 0 -> 3823

[ 0 , 8 ]:
 3823      352 (26) ^ 0
      . . . . . . X . 
      . X . X X . . . 
      . . X . . . . . 
422   . X . . X . . .  291
(406) X . . . . X . .  (786)
      X X X X X . . . 
      . X . . X . . . 
      X . X . X . . . 
<- 1901  914 (295) v 2707 -> 1811

[ 0 , 9 ]:
 1811      218 (364) ^ 0
      . . . X . . . X 
      . . . X . . . X 
      . . . . . . . X 
786   . . . . . . X X  54
(291) . . . . . . X .  (432)
      X X . . . . . . 
      . . . . . . . . 
      . . . X X . X . 
<- 3823  409 (614) v 1217 -> 2887

[ 0 , 10 ]:
 2887      49 (560) ^ 3929
      . . . . . . X . 
      X . . . . . . . 
      X . X . . . . . 
54    X . X . . X . .  861
(432) . X . . X . . .  (747)
      . . . X X . . . 
      . X X . . X . . 
      . . . . X . X . 
<- 1811  896 (7) v 0 -> 1453

[ 0 , 11 ]:
 1453      800 (19) ^ 0
      . . . . . . . . 
      X . . X X X . . 
      . . . . X X . X 
861   . X X X . . . .  32
(747) X X . . X X X .  (16)
      . X . . X . X . 
      . X X . X X . . 
      . . X X . . . . 
<- 2887  329 (586) v 3413 -> 0

matches for 574 : [1801 1789] / [1801 1789]
matches for 224 : [2803] / [2803]
