1000 1005
2000 2005
3000 3005
4000 4005
5000 5005
6000 6005
7000 7005
8000 8005
9000 9005
10000 10005
11000 11005
12000 12005
13000 13005
14000 14005
15000 15005
16000 16005
17000 17005
18000 18005
19000 19005
20000 20005
21000 21005
22000 22005
23000 23005
24000 24005
25000 25005
26000 26005
27000 27005
28000 28005
29000 29005
30000 30005
31000 31005
32000 32005
33000 33005
34000 34005
35000 35005
36000 36005
37000 37005
38000 38005
39000 39005
40000 40005
41000 41005
42000 42005
43000 43005
44000 44005
45000 45005
46000 46005
47000 47005
48000 48005
49000 49005
50000 50005
51000 51005
52000 52005
53000 53005
54000 54005
55000 55005
56000 56005
57000 57005
58000 58005
59000 59005
60000 60005
61000 61005
62000 62005
63000 63005
64000 64005
65000 65005
66000 66005
67000 67005
68000 68005
69000 69005
70000 70005
71000 71005
72000 72005
73000 73005
74000 74005
75000 75005
76000 76005
77000 77005
78000 78005
79000 79005
80000 80005
81000 81005
82000 82005
83000 83005
84000 84005
85000 85005
86000 86005
87000 87005
88000 88005
89000 89005
90000 90005
91000 91005
92000 92005
93000 93005
94000 94005
95000 95005
96000 96005
97000 97005
98000 98005
99000 99005
100000 100005
101000 101005
102000 102005
103000 103005
104000 104005
105000 105005
106000 106005
107000 107005
108000 108005
109000 109005
110000 110005
111000 111005
112000 112005
113000 113005
114000 114005
115000 115005
116000 116005
117000 117005
118000 118005
119000 119005
120000 120005
121000 121005
122000 122005
123000 123005
124000 124005
125000 125005
126000 126005
127000 127005
128000 128005
129000 129005
130000 130005
