0 10
1000 3996
2000 7996
3000 11996
4000 15996
5000 19996
6000 23996
7000 27996
8000 31996
9000 35996
10000 39996
11000 43996
12000 47996
13000 51996
14000 55996
15000 59996
16000 63996
17000 67996
18000 71996
19000 75996
20000 79996
21000 83996
22000 87996
23000 91996
24000 95996
25000 99996
26000 103996
27000 107996
28000 111996
29000 115996
30000 119996
31000 123996
32000 127996
33000 131996
34000 135996
35000 139996
36000 143996
37000 147996
38000 151996
39000 155996
40000 159996
41000 163996
42000 167996
43000 171996
44000 175996
45000 179996
46000 183996
47000 187996
48000 191996
49000 195996
50000 199996
51000 203996
52000 207996
53000 211996
54000 215996
55000 219996
56000 223996
57000 227996
58000 231996
59000 235996
60000 239996
61000 243996
62000 247996
63000 251996
64000 255996
65000 259996
66000 263996
67000 267996
68000 271996
69000 275996
70000 279996
71000 283996
72000 287996
73000 291996
74000 295996
75000 299996
76000 303996
77000 307996
78000 311996
79000 315996
80000 319996
81000 323996
82000 327996
83000 331996
84000 335996
85000 339996
86000 343996
87000 347996
88000 351996
89000 355996
90000 359996
91000 363996
92000 367996
93000 371996
94000 375996
95000 379996
96000 383996
97000 387996
98000 391996
99000 395996
100000 399996
101000 403996
102000 407996
103000 411996
104000 415996
105000 419996
106000 423996
107000 427996
108000 431996
109000 435996
110000 439996
111000 443996
112000 447996
113000 451996
114000 455996
115000 459996
116000 463996
117000 467996
118000 471996
119000 475996
120000 479996
121000 483996
122000 487996
123000 491996
124000 495996
125000 499996
126000 503996
127000 507996
128000 511996
129000 515996
130000 519996
131000 523996
132000 527996
133000 531996
134000 535996
135000 539996
136000 543996
137000 547996
138000 551996
139000 555996
140000 559996
141000 563996
142000 567996
143000 571996
144000 575996
145000 579996
146000 583996
147000 587996
148000 591996
149000 595996
150000 599996
151000 603996
152000 607996
153000 611996
154000 615996
155000 619996
156000 623996
157000 627996
158000 631996
159000 635996
160000 639996
161000 643996
162000 647996
163000 651996
164000 655996
165000 659996
166000 663996
167000 667996
168000 671996
169000 675996
170000 679996
171000 683996
172000 687996
173000 691996
174000 695996
175000 699996
176000 703996
177000 707996
178000 711996
179000 715996
180000 719996
181000 723996
182000 727996
183000 731996
184000 735996
185000 739996
186000 743996
187000 747996
188000 751996
189000 755996
190000 759996
191000 763996
192000 767996
193000 771996
194000 775996
195000 779996
196000 783996
197000 787996
198000 791996
199000 795996
200000 799996
201000 803996
202000 807996
203000 811996
204000 815996
205000 819996
206000 823996
207000 827996
208000 831996
209000 835996
210000 839996
211000 843996
212000 847996
213000 851996
214000 855996
215000 859996
216000 863996
217000 867996
218000 871996
219000 875996
220000 879996
221000 883996
222000 887996
223000 891996
224000 895996
225000 899996
226000 903996
227000 907996
228000 911996
229000 915996
230000 919996
231000 923996
232000 927996
233000 931996
234000 935996
235000 939996
236000 943996
237000 947996
238000 951996
239000 955996
240000 959996
241000 963996
242000 967996
243000 971996
244000 975996
245000 979996
246000 983996
247000 987996
248000 991996
249000 995996
250000 999996
251000 1000000
252000 1000000
253000 1000000
254000 1000000
255000 1000000
256000 1000000
257000 1000000
258000 1000000
259000 1000000
260000 1000000
261000 1000000
262000 1000000
263000 1000000
264000 1000000
265000 1000000
266000 1000000
267000 1000000
268000 1000000
269000 1000000
270000 1000000
271000 1000000
272000 1000000
273000 1000000
274000 1000000
275000 1000000
276000 1000000
277000 1000000
278000 1000000
279000 1000000
280000 1000000
281000 1000000
282000 1000000
283000 1000000
284000 1000000
285000 1000000
286000 1000000
287000 1000000
288000 1000000
289000 1000000
290000 1000000
291000 1000000
292000 1000000
293000 1000000
294000 1000000
295000 1000000
296000 1000000
297000 1000000
298000 1000000
299000 1000000
300000 1000000
301000 1000000
302000 1000000
303000 1000000
304000 1000000
305000 1000000
306000 1000000
307000 1000000
308000 1000000
309000 1000000
310000 1000000
311000 1000000
312000 1000000
313000 1000000
314000 1000000
315000 1000000
316000 1000000
317000 1000000
318000 1000000
319000 1000000
320000 1000000
321000 1000000
322000 1000000
323000 1000000
324000 1000000
325000 1000000
326000 1000000
327000 1000000
328000 1000000
329000 1000000
330000 1000000
331000 1000000
332000 1000000
333000 1000000
334000 1000000
335000 1000000
336000 1000000
337000 1000000
338000 1000000
339000 1000000
340000 1000000
341000 1000000
342000 1000000
343000 1000000
344000 1000000
345000 1000000
346000 1000000
347000 1000000
348000 1000000
349000 1000000
350000 1000000
351000 1000000
352000 1000000
353000 1000000
354000 1000000
355000 1000000
356000 1000000
357000 1000000
358000 1000000
359000 1000000
360000 1000000
361000 1000000
362000 1000000
363000 1000000
364000 1000000
365000 1000000
366000 1000000
367000 1000000
368000 1000000
369000 1000000
370000 1000000
371000 1000000
372000 1000000
373000 1000000
374000 1000000
375000 1000000
376000 1000000
377000 1000000
378000 1000000
379000 1000000
380000 1000000
381000 1000000
382000 1000000
383000 1000000
384000 1000000
385000 1000000
386000 1000000
387000 1000000
388000 1000000
389000 1000000
390000 1000000
391000 1000000
392000 1000000
393000 1000000
394000 1000000
395000 1000000
396000 1000000
397000 1000000
398000 1000000
399000 1000000
400000 1000000
401000 1000000
402000 1000000
403000 1000000
404000 1000000
405000 1000000
406000 1000000
407000 1000000
408000 1000000
409000 1000000
410000 1000000
411000 1000000
412000 1000000
413000 1000000
414000 1000000
415000 1000000
416000 1000000
417000 1000000
418000 1000000
419000 1000000
420000 1000000
421000 1000000
422000 1000000
423000 1000000
424000 1000000
425000 1000000
426000 1000000
427000 1000000
428000 1000000
429000 1000000
430000 1000000
431000 1000000
432000 1000000
433000 1000000
434000 1000000
435000 1000000
436000 1000000
437000 1000000
438000 1000000
439000 1000000
440000 1000000
441000 1000000
442000 1000000
443000 1000000
444000 1000000
445000 1000000
446000 1000000
447000 1000000
448000 1000000
449000 1000000
450000 1000000
451000 1000000
452000 1000000
453000 1000000
454000 1000000
455000 1000000
456000 1000000
457000 1000000
458000 1000000
459000 1000000
460000 1000000
461000 1000000
462000 1000000
463000 1000000
464000 1000000
465000 1000000
466000 1000000
467000 1000000
468000 1000000
469000 1000000
470000 1000000
471000 1000000
472000 1000000
473000 1000000
474000 1000000
475000 1000000
476000 1000000
477000 1000000
478000 1000000
479000 1000000
480000 1000000
481000 1000000
482000 1000000
483000 1000000
484000 1000000
485000 1000000
486000 1000000
487000 1000000
488000 1000000
489000 1000000
490000 1000000
491000 1000000
492000 1000000
493000 1000000
494000 1000000
495000 1000000
496000 1000000
497000 1000000
498000 1000000
499000 1000000
500000 1000000
501000 1000000
502000 1000000
503000 1000000
504000 1000000
505000 1000000
506000 1000000
507000 1000000
508000 1000000
509000 1000000
510000 1000000
511000 1000000
512000 1000000
513000 1000000
514000 1000000
515000 1000000
516000 1000000
517000 1000000
518000 1000000
519000 1000000
520000 1000000
521000 1000000
522000 1000000
523000 1000000
524000 1000000
525000 1000000
526000 1000000
527000 1000000
528000 1000000
529000 1000000
530000 1000000
531000 1000000
532000 1000000
533000 1000000
534000 1000000
535000 1000000
536000 1000000
537000 1000000
538000 1000000
539000 1000000
540000 1000000
541000 1000000
542000 1000000
543000 1000000
544000 1000000
545000 1000000
546000 1000000
547000 1000000
548000 1000000
549000 1000000
550000 1000000
551000 1000000
552000 1000000
553000 1000000
554000 1000000
555000 1000000
556000 1000000
557000 1000000
558000 1000000
559000 1000000
560000 1000000
561000 1000000
562000 1000000
563000 1000000
564000 1000000
565000 1000000
566000 1000000
567000 1000000
568000 1000000
569000 1000000
570000 1000000
571000 1000000
572000 1000000
573000 1000000
574000 1000000
575000 1000000
576000 1000000
577000 1000000
578000 1000000
579000 1000000
580000 1000000
581000 1000000
582000 1000000
583000 1000000
584000 1000000
585000 1000000
586000 1000000
587000 1000000
588000 1000000
589000 1000000
590000 1000000
591000 1000000
592000 1000000
593000 1000000
594000 1000000
595000 1000000
596000 1000000
597000 1000000
598000 1000000
599000 1000000
600000 1000000
601000 1000000
602000 1000000
603000 1000000
604000 1000000
605000 1000000
606000 1000000
607000 1000000
608000 1000000
609000 1000000
610000 1000000
611000 1000000
612000 1000000
613000 1000000
614000 1000000
615000 1000000
616000 1000000
617000 1000000
618000 1000000
619000 1000000
620000 1000000
621000 1000000
622000 1000000
623000 1000000
624000 1000000
625000 1000000
626000 1000000
627000 1000000
628000 1000000
629000 1000000
630000 1000000
631000 1000000
632000 1000000
633000 1000000
634000 1000000
635000 1000000
636000 1000000
637000 1000000
638000 1000000
639000 1000000
640000 1000000
641000 1000000
642000 1000000
643000 1000000
644000 1000000
645000 1000000
646000 1000000
647000 1000000
648000 1000000
649000 1000000
650000 1000000
651000 1000000
652000 1000000
653000 1000000
654000 1000000
655000 1000000
656000 1000000
657000 1000000
658000 1000000
659000 1000000
660000 1000000
661000 1000000
662000 1000000
663000 1000000
664000 1000000
665000 1000000
666000 1000000
667000 1000000
668000 1000000
669000 1000000
670000 1000000
671000 1000000
672000 1000000
673000 1000000
674000 1000000
675000 1000000
676000 1000000
677000 1000000
678000 1000000
679000 1000000
680000 1000000
681000 1000000
682000 1000000
683000 1000000
684000 1000000
685000 1000000
686000 1000000
687000 1000000
688000 999999
689000 999999
690000 999999
691000 999999
692000 999999
693000 999999
694000 999999
695000 999999
696000 999999
697000 999999
698000 999999
699000 999999
700000 999999
701000 999999
702000 999999
703000 999999
704000 999999
705000 999999
706000 999999
707000 999999
708000 999999
709000 999999
710000 999999
711000 999999
712000 999999
713000 999999
714000 999999
715000 999999
716000 999999
717000 999999
718000 999999
719000 999999
720000 999999
721000 999999
722000 999999
723000 999999
724000 999999
725000 999999
726000 999999
727000 999999
728000 999999
729000 999999
730000 999999
731000 999999
732000 999999
733000 999999
734000 999999
735000 999999
736000 999999
737000 999999
738000 999999
739000 999999
740000 999999
741000 999999
742000 999999
743000 999999
744000 999999
745000 999999
746000 999999
747000 999999
748000 999999
749000 999999
750000 999999
751000 999999
752000 999999
753000 999999
754000 999999
755000 999999
756000 999999
757000 999999
758000 999999
759000 999999
760000 999999
761000 999999
762000 999999
763000 999999
764000 999999
765000 999999
766000 999999
767000 999999
768000 999999
769000 999999
770000 999999
771000 999999
772000 999999
773000 999999
774000 999999
775000 999999
776000 999999
777000 999999
778000 999999
779000 999999
780000 999999
781000 999999
782000 999999
783000 999999
784000 999999
785000 999999
786000 999999
787000 999999
788000 999999
789000 999999
790000 999999
791000 999999
792000 999999
793000 999999
794000 999999
795000 999999
796000 999999
797000 999999
798000 999999
799000 999999
800000 999999
801000 999999
802000 999999
803000 999999
804000 999999
805000 999999
806000 999999
807000 999999
808000 999999
809000 999999
810000 999999
811000 999999
812000 999999
813000 999999
814000 999999
815000 999999
816000 999999
817000 999999
818000 999999
819000 999999
820000 999999
821000 999999
822000 999999
823000 999999
824000 999999
825000 999999
826000 999999
827000 999999
828000 999999
829000 999999
830000 999999
831000 999999
832000 999999
833000 999999
834000 999999
835000 999999
836000 999999
837000 999999
838000 999999
839000 999999
840000 999999
841000 999999
842000 999999
843000 999999
844000 999999
845000 999999
846000 999999
847000 999999
848000 999999
849000 999999
850000 999999
851000 999999
852000 999999
853000 999999
854000 999999
855000 999999
856000 999999
857000 999999
858000 999999
859000 999999
860000 999999
861000 999999
862000 999999
863000 999999
864000 999999
865000 999999
866000 999999
867000 999999
868000 999999
869000 999999
870000 999999
871000 999999
872000 999999
873000 999999
874000 999999
875000 999999
876000 999999
877000 999999
878000 999999
879000 999999
880000 999999
881000 999999
882000 999999
883000 999999
884000 999999
885000 999999
886000 999999
887000 999999
888000 999999
889000 999999
890000 999999
891000 999999
892000 999999
893000 999999
894000 999999
895000 999999
896000 999999
897000 999999
898000 999999
899000 999999
900000 999999
901000 999999
902000 999999
903000 999999
904000 999999
905000 999999
906000 999999
907000 999999
908000 999999
909000 999999
910000 999999
911000 999999
912000 999999
913000 999999
914000 999999
915000 999999
916000 999999
917000 999999
918000 999999
919000 999999
920000 999999
921000 999999
922000 999999
923000 999999
924000 999999
925000 999999
926000 999999
927000 999999
928000 999999
929000 999999
930000 999999
931000 999999
932000 999999
933000 999999
934000 999999
935000 999999
936000 999999
937000 999999
938000 999999
939000 999999
940000 999999
941000 999999
942000 999999
943000 999999
944000 999999
945000 999999
946000 999999
947000 999999
948000 999999
949000 999999
950000 999999
951000 999999
952000 999999
953000 999999
954000 999999
955000 999999
956000 999999
957000 999999
958000 999999
959000 999999
960000 999999
961000 999999
962000 999999
963000 999999
964000 999999
965000 999999
966000 999999
967000 999999
968000 999999
969000 999999
970000 999999
971000 999999
972000 999999
973000 999999
974000 999999
975000 999999
976000 999999
977000 999999
978000 999999
979000 999999
980000 999999
981000 999999
982000 999999
983000 999999
984000 999999
985000 999999
986000 999999
987000 999999
988000 999999
989000 999999
990000 999999
991000 999999
992000 999999
993000 999999
994000 999999
995000 999999
996000 999999
997000 999999
998000 999999
999000 999999
1000000 999999
1001000 999999
1002000 999999
1003000 999999
1004000 999999
1005000 999999
1006000 999999
1007000 999999
1008000 999999
1009000 999999
1010000 999999
1011000 999999
1012000 999999
1013000 999999
1014000 999999
1015000 999999
1016000 999999
1017000 999999
1018000 999999
1019000 999999
1020000 999999
1021000 999999
1022000 999999
1023000 999999
1024000 999999
1025000 999999
1026000 999999
1027000 999999
1028000 999999
1029000 999999
1030000 999999
1031000 999999
1032000 999999
1033000 999999
1034000 999999
1035000 999999
1036000 999999
1037000 999999
1038000 999999
1039000 999999
1040000 999999
1041000 999999
1042000 999999
1043000 999999
1044000 999999
1045000 999999
1046000 999999
1047000 999999
1048000 999999
1049000 999999
1050000 999999
1051000 999999
1052000 999999
1053000 999999
1054000 999999
1055000 999999
1056000 999999
1057000 999999
1058000 999999
1059000 999999
1060000 999999
1061000 999999
1062000 999999
1063000 999999
1064000 999999
1065000 999999
1066000 999999
1067000 999999
1068000 999999
1069000 999999
1070000 999999
1071000 999999
1072000 999999
1073000 999999
